shkfgewirgfksagfkahsgfyrgfklashdgfasdhgfyreufgsakhgf                                                   
shkfgewirgfksagfkahsgfyrgf klashdgfasdhgfyreufgsakhgf                                                  
shkfgewirgfksagfk ahsgfyrgfklashdgf asdhgfyreufgsakhg f                                                
shkfgewirgfks agfkahsgfyrgf klashdgfasdhg fyreufgsakhgf                                                
shkfgewirg fksagfkahs gfyrgfklas hdgfasdhgf yreufgsakh gf                                              
shkfgewi rgfksagf kahsgfyr gfklashd gfasdhgf yreufgsa khgf                                             
shkfgew irgfksa gfkahsg fyrgfkl ashdgfa sdhgfyr eufgsak hgf                                            
shkfge wirgfk sagfka hsgfyr gfklas hdgfas dhgfyr eufgsa khgf                                           
shkfg ewirg fksag fkahs gfyrg fklas hdgfa sdhgf yreuf gsakh gf                                         
shkfg ewirg fksag fkahs gfyrg fklas hdgfa sdhgf yreuf gsakh gf                                         
shkf gewi rgfk sagf kahs gfyr gfkl ashd gfas dhgf yreu fgsa khgf                                       
shkf gewi rgfk sagf kahs gfyr gfkl ashd gfas dhgf yreu fgsa khgf                                       
shkf gewi rgfk sagf kahs gfyr gfkl ashd gfas dhgf yreu fgsa khgf                                       
shk fge wir gfk sag fka hsg fyr gfk las hdg fas dhg fyr euf gsa khg f                                  
shk fge wir gfk sag fka hsg fyr gfk las hdg fas dhg fyr euf gsa khg f                                  
shk fge wir gfk sag fka hsg fyr gfk las hdg fas dhg fyr euf gsa khg f                                  
shk fge wir gfk sag fka hsg fyr gfk las hdg fas dhg fyr euf gsa khg f                                  
sh kf ge wi rg fk sa gf ka hs gf yr gf kl as hd gf as dh gf yr eu fg sa kh gf                          
sh kf ge wi rg fk sa gf ka hs gf yr gf kl as hd gf as dh gf yr eu fg sa kh gf                          
sh kf ge wi rg fk sa gf ka hs gf yr gf kl as hd gf as dh gf yr eu fg sa kh gf                          
sh kf ge wi rg fk sa gf ka hs gf yr gf kl as hd gf as dh gf yr eu fg sa kh gf                          
sh kf ge wi rg fk sa gf ka hs gf yr gf kl as hd gf as dh gf yr eu fg sa kh gf                          
sh kf ge wi rg fk sa gf ka hs gf yr gf kl as hd gf as dh gf yr eu fg sa kh gf                          
sh kf ge wi rg fk sa gf ka hs gf yr gf kl as hd gf as dh gf yr eu fg sa kh gf                          
sh kf ge wi rg fk sa gf ka hs gf yr gf kl as hd gf as dh gf yr eu fg sa kh gf                          
sh kf ge wi rg fk sa gf ka hs gf yr gf kl as hd gf as dh gf yr eu fg sa kh gf                          
s h k f g e w i r g f k s a g f k a h s g f y r g f k l a s h d g f a s d h g f y r e u f g s a k h g f
s h k f g e w i r g f k s a g f k a h s g f y r g f k l a s h d g f a s d h g f y r e u f g s a k h g f
s h k f g e w i r g f k s a g f k a h s g f y r g f k l a s h d g f a s d h g f y r e u f g s a k h g f
s h k f g e w i r g f k s a g f k a h s g f y r g f k l a s h d g f a s d h g f y r e u f g s a k h g f
s h k f g e w i r g f k s a g f k a h s g f y r g f k l a s h d g f a s d h g f y r e u f g s a k h g f
s h k f g e w i r g f k s a g f k a h s g f y r g f k l a s h d g f a s d h g f y r e u f g s a k h g f
s h k f g e w i r g f k s a g f k a h s g f y r g f k l a s h d g f a s d h g f y r e u f g s a k h g f
s h k f g e w i r g f k s a g f k a h s g f y r g f k l a s h d g f a s d h g f y r e u f g s a k h g f
s h k f g e w i r g f k s a g f k a h s g f y r g f k l a s h d g f a s d h g f y r e u f g s a k h g f
s h k f g e w i r g f k s a g f k a h s g f y r g f k l a s h d g f a s d h g f y r e u f g s a k h g f
s h k f g e w i r g f k s a g f k a h s g f y r g f k l a s h d g f a s d h g f y r e u f g s a k h g f
s h k f g e w i r g f k s a g f k a h s g f y r g f k l a s h d g f a s d h g f y r e u f g s a k h g f
s h k f g e w i r g f k s a g f k a h s g f y r g f k l a s h d g f a s d h g f y r e u f g s a k h g f
s h k f g e w i r g f k s a g f k a h s g f y r g f k l a s h d g f a s d h g f y r e u f g s a k h g f
s h k f g e w i r g f k s a g f k a h s g f y r g f k l a s h d g f a s d h g f y r e u f g s a k h g f
s h k f g e w i r g f k s a g f k a h s g f y r g f k l a s h d g f a s d h g f y r e u f g s a k h g f
s h k f g e w i r g f k s a g f k a h s g f y r g f k l a s h d g f a s d h g f y r e u f g s a k h g f
s h k f g e w i r g f k s a g f k a h s g f y r g f k l a s h d g f a s d h g f y r e u f g s a k h g f
s h k f g e w i r g f k s a g f k a h s g f y r g f k l a s h d g f a s d h g f y r e u f g s a k h g f
s h k f g e w i r g f k s a g f k a h s g f y r g f k l a s h d g f a s d h g f y r e u f g s a k h g f
s h k f g e w i r g f k s a g f k a h s g f y r g f k l a s h d g f a s d h g f y r e u f g s a k h g f
s h k f g e w i r g f k s a g f k a h s g f y r g f k l a s h d g f a s d h g f y r e u f g s a k h g f
s h k f g e w i r g f k s a g f k a h s g f y r g f k l a s h d g f a s d h g f y r e u f g s a k h g f
s h k f g e w i r g f k s a g f k a h s g f y r g f k l a s h d g f a s d h g f y r e u f g s a k h g f
s h k f g e w i r g f k s a g f k a h s g f y r g f k l a s h d g f a s d h g f y r e u f g s a k h g f
s h k f g e w i r g f k s a g f k a h s g f y r g f k l a s h d g f a s d h g f y r e u f g s a k h g f


f

gf
khgf
hgf
khgf
gsakhgf
gf
fgsakhgf
khgf

eufgsakhgf
gsakhgf
khgf
f
dhgfyreufgsakhgf
gfyreufgsakhgf
yreufgsakhgf
eufgsakhgf
fgsakhgf
sakhgf
khgf
gf

lashdgfasdhgfyreufgsakhgf
ashdgfasdhgfyreufgsakhgf
shdgfasdhgfyreufgsakhgf
hdgfasdhgfyreufgsakhgf
dgfasdhgfyreufgsakhgf
gfasdhgfyreufgsakhgf
fasdhgfyreufgsakhgf
asdhgfyreufgsakhgf
sdhgfyreufgsakhgf
dhgfyreufgsakhgf
hgfyreufgsakhgf
gfyreufgsakhgf
fyreufgsakhgf
yreufgsakhgf
reufgsakhgf
eufgsakhgf
ufgsakhgf
fgsakhgf
gsakhgf
sakhgf
akhgf
khgf
hgf
gf
f

