100
79
100
84
100
66
100
91
100
2
100
41
100
4
100
93
100
53
100
6
100
15
100
60
100
58
100
36
100
40
100
86
100
80
100
54
100
40
100
60
100
6
100
50
100
82
100
87
100
58
100
93
100
65
100
66
100
12
100
82
100
53
100
17
100
95
100
8
100
0
100
10
100
21
100
27
100
15
100
28
100
16
100
74
100
96
100
13
100
67
100
31
100
77
100
55
100
68
100
7
100
65
100
61
100
89
100
28
100
70
100
83
100
10
100
84
100
40
100
75
100
36
100
86
100
27
100
21
100
31
100
58
100
52
100
26
100
35
100
97
100
82
100
82
100
44
100
10
100
31
100
5
100
72
100
58
100
21
100
27
100
46
100
62
100
64
100
80
100
52
100
71
100
12
100
56
100
17
100
29
100
82
100
20
100
86
100
33
100
58
100
93
100
69
100
59
100
30
100
49
Nooooooo..... 12
Nooooooo..... 12
Nooooooo..... 12
Nooooooo..... 12
Nooooooo..... 12
Nooooooo..... 12
Nooooooo..... 12
Nooooooo..... 12
Nooooooo..... 12
Nooooooo..... 12
Nooooooo..... 12
Nooooooo..... 12
Nooooooo..... 12
Nooooooo..... 12
Nooooooo..... 12
Nooooooo..... 12
Nooooooo..... 12
Nooooooo..... 12
Nooooooo..... 12
Nooooooo..... 12
Nooooooo..... 12
Nooooooo..... 12
Nooooooo..... 12
Nooooooo..... 12
Nooooooo..... 12
Nooooooo..... 12
Nooooooo..... 12
Nooooooo..... 12
Nooooooo..... 12
Nooooooo..... 12
Nooooooo..... 12
Nooooooo..... 12
Nooooooo..... 12
Nooooooo..... 12
Nooooooo..... 12
Nooooooo..... 12
Nooooooo..... 12
Nooooooo..... 12
Nooooooo..... 12
Nooooooo..... 12
Nooooooo..... 12
Nooooooo..... 12
Nooooooo..... 12
Nooooooo..... 12
Nooooooo..... 12
Nooooooo..... 12
Nooooooo..... 12
Nooooooo..... 12
Nooooooo..... 12
Nooooooo..... 12
Nooooooo..... 12
Nooooooo..... 12
Nooooooo..... 12
Nooooooo..... 12
Nooooooo..... 12
Nooooooo..... 12
Nooooooo..... 12
Nooooooo..... 12
Nooooooo..... 12
Nooooooo..... 12
Nooooooo..... 12
Nooooooo..... 12
Nooooooo..... 12
Nooooooo..... 12
Nooooooo..... 12
Nooooooo..... 12
Nooooooo..... 12
Nooooooo..... 12
Nooooooo..... 12
Nooooooo..... 12
Nooooooo..... 12
Nooooooo..... 12
Nooooooo..... 12
Nooooooo..... 12
Nooooooo..... 12
Nooooooo..... 12
Nooooooo..... 12
Nooooooo..... 12
Nooooooo..... 12
Nooooooo..... 12
Nooooooo..... 12
Nooooooo..... 12
Nooooooo..... 12
Nooooooo..... 12
Nooooooo..... 12
Nooooooo..... 12
Nooooooo..... 12
Nooooooo..... 12
Nooooooo..... 12
Nooooooo..... 12
Nooooooo..... 12
Nooooooo..... 12
Nooooooo..... 12
Nooooooo..... 12
Nooooooo..... 12
Nooooooo..... 12
Nooooooo..... 12
Nooooooo..... 12
Nooooooo..... 12
Nooooooo..... 12
